nohup: ignoring input

  .   ____          _            __ _ _
 /\\ / ___'_ __ _ _(_)_ __  __ _ \ \ \ \
( ( )\___ | '_ | '_| | '_ \/ _` | \ \ \ \
 \\/  ___)| |_)| | | | | || (_| |  ) ) ) )
  '  |____| .__|_| |_|_| |_\__, | / / / /
 =========|_|==============|___/=/_/_/_/

 :: Spring Boot ::                (v4.0.5)

2026-06-18T23:13:37.738+03:00  INFO 50531 --- [FashionStore] [           main] c.fashionstore.FashionStoreApplication   : Starting FashionStoreApplication v0.0.1-SNAPSHOT using Java 21.0.11 with PID 50531 (/home/mumugrig/Coding/GitHubRepos/Fashion-Store/backend/target/fashionstore-0.0.1-SNAPSHOT.jar started by mumugrig in /home/mumugrig/Coding/GitHubRepos/Fashion-Store/backend)
2026-06-18T23:13:37.741+03:00  INFO 50531 --- [FashionStore] [           main] c.fashionstore.FashionStoreApplication   : No active profile set, falling back to 1 default profile: "default"
2026-06-18T23:13:38.152+03:00  INFO 50531 --- [FashionStore] [           main] .s.d.r.c.RepositoryConfigurationDelegate : Bootstrapping Spring Data JPA repositories in DEFAULT mode.
2026-06-18T23:13:38.213+03:00  INFO 50531 --- [FashionStore] [           main] .s.d.r.c.RepositoryConfigurationDelegate : Finished Spring Data repository scanning in 51 ms. Found 10 JPA repository interfaces.
2026-06-18T23:13:38.528+03:00  INFO 50531 --- [FashionStore] [           main] o.s.boot.tomcat.TomcatWebServer          : Tomcat initialized with port 8080 (http)
2026-06-18T23:13:38.539+03:00  INFO 50531 --- [FashionStore] [           main] o.apache.catalina.core.StandardService   : Starting service [Tomcat]
2026-06-18T23:13:38.539+03:00  INFO 50531 --- [FashionStore] [           main] o.apache.catalina.core.StandardEngine    : Starting Servlet engine: [Apache Tomcat/11.0.20]
2026-06-18T23:13:38.559+03:00  INFO 50531 --- [FashionStore] [           main] b.w.c.s.WebApplicationContextInitializer : Root WebApplicationContext: initialization completed in 779 ms
2026-06-18T23:13:38.695+03:00  INFO 50531 --- [FashionStore] [           main] org.hibernate.orm.jpa                    : HHH008540: Processing PersistenceUnitInfo [name: default]
2026-06-18T23:13:38.735+03:00  INFO 50531 --- [FashionStore] [           main] org.hibernate.orm.core                   : HHH000001: Hibernate ORM core version 7.2.7.Final
2026-06-18T23:13:39.095+03:00  INFO 50531 --- [FashionStore] [           main] o.s.o.j.p.SpringPersistenceUnitInfo      : No LoadTimeWeaver setup: ignoring JPA class transformer
2026-06-18T23:13:39.122+03:00  INFO 50531 --- [FashionStore] [           main] com.zaxxer.hikari.HikariDataSource       : HikariPool-1 - Starting...
2026-06-18T23:13:39.254+03:00  INFO 50531 --- [FashionStore] [           main] com.zaxxer.hikari.pool.HikariPool        : HikariPool-1 - Added connection conn0: url=jdbc:h2:mem:fashiondb user=SA
2026-06-18T23:13:39.255+03:00  INFO 50531 --- [FashionStore] [           main] com.zaxxer.hikari.HikariDataSource       : HikariPool-1 - Start completed.
2026-06-18T23:13:39.293+03:00  INFO 50531 --- [FashionStore] [           main] org.hibernate.orm.connections.pooling    : HHH10001005: Database info:
	Database JDBC URL [jdbc:h2:mem:fashiondb]
	Database driver: H2 JDBC Driver
	Database dialect: H2Dialect
	Database version: 2.4.240
	Default catalog/schema: FASHIONDB/PUBLIC
	Autocommit mode: undefined/unknown
	Isolation level: READ_COMMITTED [default READ_COMMITTED]
	JDBC fetch size: 100
	Pool: DataSourceConnectionProvider
	Minimum pool size: undefined/unknown
	Maximum pool size: undefined/unknown
2026-06-18T23:13:39.819+03:00  INFO 50531 --- [FashionStore] [           main] org.hibernate.orm.core                   : HHH000489: No JTA platform available (set 'hibernate.transaction.jta.platform' to enable JTA platform integration)
Hibernate: create table addresses (id bigint generated by default as identity, address_line varchar(255), city varchar(255), country varchar(255), postal_code integer, region varchar(255), user_id bigint, primary key (id))
Hibernate: create table cart_items (id bigint generated by default as identity, quantity integer not null, item_variant_id bigint, user_id bigint, primary key (id))
Hibernate: create table categories (id bigint generated by default as identity, name varchar(255), parent_id bigint, primary key (id))
Hibernate: create table colors (id bigint generated by default as identity, image_url varchar(255), name varchar(255), color_value varchar(255), primary key (id))
Hibernate: create table favourites (id bigint generated by default as identity, item_variant_id bigint, user_id bigint, primary key (id))
Hibernate: create table item_variants (id bigint generated by default as identity, is_active boolean, stock_left integer, color_id bigint, item_id bigint, size_id bigint, primary key (id))
Hibernate: create table items (id bigint generated by default as identity, audience enum ('KIDS','MEN','UNISEX','WOMEN'), description varchar(255), name varchar(255), price float(24) not null, category_id bigint, primary key (id))
Hibernate: create table reviews (id bigint generated by default as identity, body varchar(255), comfort enum ('COMFORTABLE','UNCOMFORTABLE','VERY_COMFORTABLE'), quality enum ('AVERAGE','EXCELLENT','POOR'), size_fit enum ('RUNS_LARGE','RUNS_SMALL','TRUE_TO_SIZE'), item_variant_id bigint, user_id bigint, primary key (id))
Hibernate: create table sizes (id bigint generated by default as identity, label varchar(255), size_system enum ('ALPHA','EU','UK','US'), primary key (id))
Hibernate: create table users (id bigint generated by default as identity, email varchar(255) not null, first_name varchar(255) not null, last_name varchar(255) not null, password_hash varchar(255) not null, phone_number varchar(255), primary key (id))
Hibernate: alter table if exists users drop constraint if exists UK6dotkott2kjsp8vw4d0m25fb7
Hibernate: alter table if exists users add constraint UK6dotkott2kjsp8vw4d0m25fb7 unique (email)
Hibernate: alter table if exists addresses add constraint FK1fa36y2oqhao3wgg2rw1pi459 foreign key (user_id) references users
Hibernate: alter table if exists cart_items add constraint FKriv960rf4r5q76tmhxej4a6hj foreign key (item_variant_id) references item_variants
Hibernate: alter table if exists cart_items add constraint FK709eickf3kc0dujx3ub9i7btf foreign key (user_id) references users
Hibernate: alter table if exists categories add constraint FKsaok720gsu4u2wrgbk10b5n8d foreign key (parent_id) references categories
Hibernate: alter table if exists favourites add constraint FK261n1b8bqifjvbaqnck7mjnpk foreign key (item_variant_id) references item_variants
Hibernate: alter table if exists favourites add constraint FK6ffqdnwmm3ks4fenx2ml1uap8 foreign key (user_id) references users
Hibernate: alter table if exists item_variants add constraint FKj8d6m7c3po5tdsk1g8galj1h foreign key (color_id) references colors
Hibernate: alter table if exists item_variants add constraint FKjvwpj86cp0scxwm4va1yav3i foreign key (item_id) references items
Hibernate: alter table if exists item_variants add constraint FKhjtjnbqjsd0igkw9opk909ife foreign key (size_id) references sizes
Hibernate: alter table if exists items add constraint FKjcdcde7htb3tyjgouo4g9xbmr foreign key (category_id) references categories
Hibernate: alter table if exists reviews add constraint FKtc7xwo89oja59irlj4n9jj04r foreign key (item_variant_id) references item_variants
Hibernate: alter table if exists reviews add constraint FKcgy7qjc1r99dp117y9en6lxye foreign key (user_id) references users
2026-06-18T23:13:39.875+03:00  INFO 50531 --- [FashionStore] [           main] j.LocalContainerEntityManagerFactoryBean : Initialized JPA EntityManagerFactory for persistence unit 'default'
2026-06-18T23:13:39.910+03:00  WARN 50531 --- [FashionStore] [           main] JpaBaseConfiguration$JpaWebConfiguration : spring.jpa.open-in-view is enabled by default. Therefore, database queries may be performed during view rendering. Explicitly configure spring.jpa.open-in-view to disable this warning
2026-06-18T23:13:40.154+03:00  INFO 50531 --- [FashionStore] [           main] o.s.d.j.r.query.QueryEnhancerFactories   : Hibernate is in classpath; If applicable, HQL parser will be used.
2026-06-18T23:13:40.405+03:00  INFO 50531 --- [FashionStore] [           main] o.s.boot.tomcat.TomcatWebServer          : Tomcat started on port 8080 (http) with context path '/'
2026-06-18T23:13:40.412+03:00  INFO 50531 --- [FashionStore] [           main] c.fashionstore.FashionStoreApplication   : Started FashionStoreApplication in 2.952 seconds (process running for 3.256)
2026-06-19T01:35:34.381+03:00  INFO 50531 --- [FashionStore] [ionShutdownHook] o.s.boot.tomcat.GracefulShutdown         : Commencing graceful shutdown. Waiting for active requests to complete
2026-06-19T01:35:34.717+03:00  INFO 50531 --- [FashionStore] [tomcat-shutdown] o.s.boot.tomcat.GracefulShutdown         : Graceful shutdown complete
2026-06-19T01:35:34.752+03:00  INFO 50531 --- [FashionStore] [ionShutdownHook] j.LocalContainerEntityManagerFactoryBean : Closing JPA EntityManagerFactory for persistence unit 'default'
2026-06-19T01:35:34.796+03:00  INFO 50531 --- [FashionStore] [ionShutdownHook] com.zaxxer.hikari.HikariDataSource       : HikariPool-1 - Shutdown initiated...
2026-06-19T01:35:34.809+03:00  INFO 50531 --- [FashionStore] [ionShutdownHook] com.zaxxer.hikari.HikariDataSource       : HikariPool-1 - Shutdown completed.
